<?xml version="1.0" encoding="UTF-8"?>
<!-- Generated by org.testng.reporters.JUnitReportReporter -->
<testsuite hostname="LAPTOP-PGTRNP2F" failures="0" tests="1" name="testCase.TC001_AccountRegistrationTest" time="2.576" errors="0" timestamp="2024-08-03T11:52:10 IST" skipped="0">
  <testcase classname="testCase.TC001_AccountRegistrationTest" name="verify_account_registration" time="2.576"/>
</testsuite> <!-- testCase.TC001_AccountRegistrationTest -->
