<?xml version="1.0" encoding="UTF-8"?>
<!-- Generated by org.testng.reporters.JUnitReportReporter -->
<testsuite hostname="LAPTOP-PGTRNP2F" failures="0" tests="1" name="testCase.TC002_AccountLoginTest" time="1.198" errors="0" timestamp="2024-08-03T11:52:10 IST" skipped="0">
  <testcase classname="testCase.TC002_AccountLoginTest" name="verifyLogin" time="1.198"/>
</testsuite> <!-- testCase.TC002_AccountLoginTest -->
