<?xml version="1.0" encoding="UTF-8"?>
<!-- Generated by org.testng.reporters.JUnitReportReporter -->
<testsuite hostname="LAPTOP-PGTRNP2F" failures="0" tests="1" name="testCase.TC001_AccountRegistrationTest" time="1.965" errors="0" timestamp="2024-08-03T12:07:40 IST" skipped="0">
  <testcase classname="testCase.TC001_AccountRegistrationTest" name="verify_account_registration" time="1.965"/>
</testsuite> <!-- testCase.TC001_AccountRegistrationTest -->
